<?xml version="1.0" encoding="UTF-8"?>
<testsuite xmlns:xsi="http://www.w3.org/2001/XMLSchema-instance" xsi:schemaLocation="https://maven.apache.org/surefire/maven-surefire-plugin/xsd/surefire-test-report.xsd" name="com.rakesh.CukesRunner" time="2.786" tests="12" errors="0" skipped="0" failures="0">
  <properties>
[...]
</properties>
  <testcase name="Given I make a GET request to the discovery API with articleID" classname="Scenario: return article json by ID" time="0.001"/>
  <testcase name="Then The API Should return the article JSON" classname="Scenario: return article json by ID" time="0"/>
  <testcase name="And The articleType should be article" classname="Scenario: return article json by ID" time="0"/>
  <testcase name="Scenario: return article json by ID" classname="Scenario: return article json by ID" time="0.001"/>
  <testcase name="Given I make a Get request to the API with articleID" classname="Scenario: retrieve the hasXmlAsset" time="0"/>
  <testcase name="Then The returned JSON should have node hasXmAsset" classname="Scenario: retrieve the hasXmlAsset" time="0"/>
  <testcase name="And The ID is present" classname="Scenario: retrieve the hasXmlAsset" time="0"/>
  <testcase name="Scenario: retrieve the hasXmlAsset" classname="Scenario: retrieve the hasXmlAsset" time="0.001"/>
  <testcase name="Given I make a POST request with JSON body for creation of an issue" classname="Scenario: Create Issue using a POST" time="0"/>
  <testcase name="Then The response should return 201" classname="Scenario: Create Issue using a POST" time="0"/>
  <testcase name="And response contains the id of the created issue" classname="Scenario: Create Issue using a POST" time="0"/>
  <testcase name="Scenario: Create Issue using a POST" classname="Scenario: Create Issue using a POST" time="0"/>
</testsuite>